<?xml version="1.0" encoding="UTF-8"?>
<!-- Generated by org.testng.reporters.JUnitXMLReporter -->
<testsuite hostname="LAPTOP-IEPOTQSJ" ignored="0" name="Default test" tests="4" failures="0" timestamp="27 nov 2017 20:09:55 GMT" time="19.443" errors="0">
  <testcase name="ExecuteTest" time="4.101" classname="Testsng_cases.TestNG_modulo_login"/>
  <testcase name="ExecuteTest" time="4.126" classname="Testsng_cases.TestNG_modulo_login"/>
  <testcase name="ExecuteTest" time="4.259" classname="Testsng_cases.TestNG_modulo_login"/>
  <testcase name="ExecuteTest" time="4.129" classname="Testsng_cases.TestNG_modulo_login"/>
</testsuite> <!-- Default test -->
