<?xml version="1.0" encoding="UTF-8"?>
<testng-results skipped="0" failed="0" ignored="0" total="4" passed="4">
  <reporter-output>
  </reporter-output>
  <suite name="Default suite" duration-ms="19281" started-at="2017-11-27T20:01:02Z" finished-at="2017-11-27T20:01:21Z">
    <groups>
    </groups>
    <test name="Default test" duration-ms="19281" started-at="2017-11-27T20:01:02Z" finished-at="2017-11-27T20:01:21Z">
      <class name="Testsng_cases.TestNG_modulo_login">
        <test-method status="PASS" signature="ConfigReport()[pri:0, instance:Testsng_cases.TestNG_modulo_login@548e7350]" name="ConfigReport" is-config="true" duration-ms="331" started-at="2017-11-27T14:01:02Z" finished-at="2017-11-27T14:01:02Z">
          <reporter-output>
          </reporter-output>
        </test-method> <!-- ConfigReport -->
        <test-method status="PASS" signature="SetupEnviroment()[pri:0, instance:Testsng_cases.TestNG_modulo_login@548e7350]" name="SetupEnviroment" is-config="true" duration-ms="1386" started-at="2017-11-27T14:01:02Z" finished-at="2017-11-27T14:01:04Z">
          <reporter-output>
          </reporter-output>
        </test-method> <!-- SetupEnviroment -->
        <test-method status="PASS" signature="ExecuteTest(java.util.HashMap)[pri:0, instance:Testsng_cases.TestNG_modulo_login@548e7350]" name="ExecuteTest" duration-ms="4199" started-at="2017-11-27T14:01:05Z" data-provider="data-provider" finished-at="2017-11-27T14:01:09Z">
          <params>
            <param index="0">
              <value>
                <![CDATA[{User=rrivas, Password=123}]]>
              </value>
            </param>
          </params>
          <reporter-output>
          </reporter-output>
        </test-method> <!-- ExecuteTest -->
        <test-method status="PASS" signature="ExecuteTest(java.util.HashMap)[pri:0, instance:Testsng_cases.TestNG_modulo_login@548e7350]" name="ExecuteTest" duration-ms="4146" started-at="2017-11-27T14:01:09Z" data-provider="data-provider" finished-at="2017-11-27T14:01:13Z">
          <params>
            <param index="0">
              <value>
                <![CDATA[{User=rrivas, Password=123}]]>
              </value>
            </param>
          </params>
          <reporter-output>
          </reporter-output>
        </test-method> <!-- ExecuteTest -->
        <test-method status="PASS" signature="ExecuteTest(java.util.HashMap)[pri:0, instance:Testsng_cases.TestNG_modulo_login@548e7350]" name="ExecuteTest" duration-ms="4089" started-at="2017-11-27T14:01:13Z" data-provider="data-provider" finished-at="2017-11-27T14:01:17Z">
          <params>
            <param index="0">
              <value>
                <![CDATA[{User=rrivas, Password=123}]]>
              </value>
            </param>
          </params>
          <reporter-output>
          </reporter-output>
        </test-method> <!-- ExecuteTest -->
        <test-method status="PASS" signature="ExecuteTest(java.util.HashMap)[pri:0, instance:Testsng_cases.TestNG_modulo_login@548e7350]" name="ExecuteTest" duration-ms="4134" started-at="2017-11-27T14:01:17Z" data-provider="data-provider" finished-at="2017-11-27T14:01:21Z">
          <params>
            <param index="0">
              <value>
                <![CDATA[{User=rrivas, Password=123}]]>
              </value>
            </param>
          </params>
          <reporter-output>
          </reporter-output>
        </test-method> <!-- ExecuteTest -->
        <test-method status="PASS" signature="CloseTest()[pri:0, instance:Testsng_cases.TestNG_modulo_login@548e7350]" name="CloseTest" is-config="true" duration-ms="16" started-at="2017-11-27T14:01:21Z" finished-at="2017-11-27T14:01:21Z">
          <reporter-output>
          </reporter-output>
        </test-method> <!-- CloseTest -->
      </class> <!-- Testsng_cases.TestNG_modulo_login -->
    </test> <!-- Default test -->
  </suite> <!-- Default suite -->
</testng-results>
